<?xml version="1.0" encoding="UTF-8"?>
<testsuite name="study.board.repository.MemberRepositoryTests" tests="1" skipped="0" failures="0" errors="0" timestamp="2024-12-08T14:58:05" hostname="DESKTOP-98E4J42" time="1.093">
  <properties/>
  <testcase name="testInsertMember()" classname="study.board.repository.MemberRepositoryTests" time="1.093"/>
  <system-out><![CDATA[23:58:00.575 [Test worker] INFO org.springframework.test.context.support.AnnotationConfigContextLoaderUtils -- Could not detect default configuration classes for test class [study.board.repository.MemberRepositoryTests]: MemberRepositoryTests does not declare any static, non-private, non-final, nested classes annotated with @Configuration.
23:58:00.685 [Test worker] INFO org.springframework.boot.test.context.SpringBootTestContextBootstrapper -- Found @SpringBootConfiguration study.board.BoardApplication for test class study.board.repository.MemberRepositoryTests

  .   ____          _            __ _ _
 /\\ / ___'_ __ _ _(_)_ __  __ _ \ \ \ \
( ( )\___ | '_ | '_| | '_ \/ _` | \ \ \ \
 \\/  ___)| |_)| | | | | || (_| |  ) ) ) )
  '  |____| .__|_| |_|_| |_\__, | / / / /
 =========|_|==============|___/=/_/_/_/

 :: Spring Boot ::                (v3.4.0)

2024-12-08T23:58:01.119+09:00  INFO 18656 --- [board] [    Test worker] s.b.repository.MemberRepositoryTests     : Starting MemberRepositoryTests using Java 17.0.13 with PID 18656 (started by xxojiwon in C:\workspace\board)
2024-12-08T23:58:01.120+09:00  INFO 18656 --- [board] [    Test worker] s.b.repository.MemberRepositoryTests     : No active profile set, falling back to 1 default profile: "default"
2024-12-08T23:58:01.737+09:00  INFO 18656 --- [board] [    Test worker] .s.d.r.c.RepositoryConfigurationDelegate : Bootstrapping Spring Data JPA repositories in DEFAULT mode.
2024-12-08T23:58:01.788+09:00  INFO 18656 --- [board] [    Test worker] .s.d.r.c.RepositoryConfigurationDelegate : Finished Spring Data repository scanning in 42 ms. Found 1 JPA repository interface.
2024-12-08T23:58:02.244+09:00  INFO 18656 --- [board] [    Test worker] o.hibernate.jpa.internal.util.LogHelper  : HHH000204: Processing PersistenceUnitInfo [name: default]
2024-12-08T23:58:02.319+09:00  INFO 18656 --- [board] [    Test worker] org.hibernate.Version                    : HHH000412: Hibernate ORM core version 6.6.2.Final
2024-12-08T23:58:02.359+09:00  INFO 18656 --- [board] [    Test worker] o.h.c.internal.RegionFactoryInitiator    : HHH000026: Second-level cache disabled
2024-12-08T23:58:02.674+09:00  INFO 18656 --- [board] [    Test worker] o.s.o.j.p.SpringPersistenceUnitInfo      : No LoadTimeWeaver setup: ignoring JPA class transformer
2024-12-08T23:58:02.709+09:00  INFO 18656 --- [board] [    Test worker] com.zaxxer.hikari.HikariDataSource       : HikariPool-1 - Starting...
2024-12-08T23:58:02.777+09:00  INFO 18656 --- [board] [    Test worker] com.zaxxer.hikari.pool.HikariPool        : HikariPool-1 - Added connection conn0: url=jdbc:h2:tcp://localhost/~/board user=SA
2024-12-08T23:58:02.779+09:00  INFO 18656 --- [board] [    Test worker] com.zaxxer.hikari.HikariDataSource       : HikariPool-1 - Start completed.
2024-12-08T23:58:02.833+09:00  INFO 18656 --- [board] [    Test worker] org.hibernate.orm.connections.pooling    : HHH10001005: Database info:
	Database JDBC URL [Connecting through datasource 'HikariDataSource (HikariPool-1)']
	Database driver: undefined/unknown
	Database version: 2.3.232
	Autocommit mode: undefined/unknown
	Isolation level: undefined/unknown
	Minimum pool size: undefined/unknown
	Maximum pool size: undefined/unknown
2024-12-08T23:58:03.675+09:00  INFO 18656 --- [board] [    Test worker] o.h.e.t.j.p.i.JtaPlatformInitiator       : HHH000489: No JTA platform available (set 'hibernate.transaction.jta.platform' to enable JTA platform integration)
Hibernate: drop table if exists board cascade 
Hibernate: drop table if exists member cascade 
Hibernate: drop table if exists member_member_role_list cascade 
Hibernate: create table board (board_id bigint generated by default as identity, create_at timestamp(6), update_at timestamp(6), user_id varchar(30), pwd varchar(100) not null, title varchar(100) not null, contents TEXT, file_name varchar(255), primary key (board_id))
Hibernate: create table member (email varchar(255) not null, nickname varchar(255), password varchar(255), primary key (email))
Hibernate: create table member_member_role_list (member_role_list tinyint check (member_role_list between 0 and 2), member_email varchar(255) not null)
Hibernate: alter table if exists member_member_role_list add constraint FK2cojwm6nbbasi0xkedqjjagap foreign key (member_email) references member
2024-12-08T23:58:03.705+09:00  INFO 18656 --- [board] [    Test worker] j.LocalContainerEntityManagerFactoryBean : Initialized JPA EntityManagerFactory for persistence unit 'default'
2024-12-08T23:58:03.935+09:00  INFO 18656 --- [board] [    Test worker] o.s.d.j.r.query.QueryEnhancerFactory     : Hibernate is in classpath; If applicable, HQL parser will be used.
2024-12-08T23:58:04.320+09:00  WARN 18656 --- [board] [    Test worker] JpaBaseConfiguration$JpaWebConfiguration : spring.jpa.open-in-view is enabled by default. Therefore, database queries may be performed during view rendering. Explicitly configure spring.jpa.open-in-view to disable this warning
2024-12-08T23:58:04.357+09:00  INFO 18656 --- [board] [    Test worker] r$InitializeUserDetailsManagerConfigurer : Global AuthenticationManager configured with UserDetailsService bean with name customuserDetailsService
2024-12-08T23:58:04.409+09:00  INFO 18656 --- [board] [    Test worker] s.board.config.CustomSecurityConfig      : ------------------------------- security config -----------------------------------
2024-12-08T23:58:04.464+09:00 DEBUG 18656 --- [board] [    Test worker] o.s.s.web.DefaultSecurityFilterChain     : Will secure any request with filters: DisableEncodeUrlFilter, WebAsyncManagerIntegrationFilter, SecurityContextHolderFilter, HeaderWriterFilter, CorsFilter, LogoutFilter, JWTCheckFilter, UsernamePasswordAuthenticationFilter, RequestCacheAwareFilter, SecurityContextHolderAwareRequestFilter, AnonymousAuthenticationFilter, SessionManagementFilter, ExceptionTranslationFilter
2024-12-08T23:58:04.995+09:00  INFO 18656 --- [board] [    Test worker] o.s.b.a.h2.H2ConsoleAutoConfiguration    : H2 console available at '/h2-console'. Database available at 'jdbc:h2:tcp://localhost/~/board'
2024-12-08T23:58:05.193+09:00  INFO 18656 --- [board] [    Test worker] s.b.repository.MemberRepositoryTests     : Started MemberRepositoryTests in 4.287 seconds (process running for 5.495)
Hibernate: select m1_0.email,m1_0.nickname,m1_0.password from member m1_0 where m1_0.email=?
Hibernate: select m1_0.email,m1_0.nickname,m1_0.password from member m1_0 where m1_0.email=?
Hibernate: select m1_0.email,m1_0.nickname,m1_0.password from member m1_0 where m1_0.email=?
Hibernate: select m1_0.email,m1_0.nickname,m1_0.password from member m1_0 where m1_0.email=?
Hibernate: select m1_0.email,m1_0.nickname,m1_0.password from member m1_0 where m1_0.email=?
Hibernate: select m1_0.email,m1_0.nickname,m1_0.password from member m1_0 where m1_0.email=?
Hibernate: select m1_0.email,m1_0.nickname,m1_0.password from member m1_0 where m1_0.email=?
Hibernate: select m1_0.email,m1_0.nickname,m1_0.password from member m1_0 where m1_0.email=?
Hibernate: select m1_0.email,m1_0.nickname,m1_0.password from member m1_0 where m1_0.email=?
Hibernate: select m1_0.email,m1_0.nickname,m1_0.password from member m1_0 where m1_0.email=?
Hibernate: insert into member (nickname,password,email) values (?,?,?)
Hibernate: insert into member (nickname,password,email) values (?,?,?)
Hibernate: insert into member (nickname,password,email) values (?,?,?)
Hibernate: insert into member (nickname,password,email) values (?,?,?)
Hibernate: insert into member (nickname,password,email) values (?,?,?)
Hibernate: insert into member (nickname,password,email) values (?,?,?)
Hibernate: insert into member (nickname,password,email) values (?,?,?)
Hibernate: insert into member (nickname,password,email) values (?,?,?)
Hibernate: insert into member (nickname,password,email) values (?,?,?)
Hibernate: insert into member (nickname,password,email) values (?,?,?)
Hibernate: insert into member_member_role_list (member_email,member_role_list) values (?,?)
Hibernate: insert into member_member_role_list (member_email,member_role_list) values (?,?)
Hibernate: insert into member_member_role_list (member_email,member_role_list) values (?,?)
Hibernate: insert into member_member_role_list (member_email,member_role_list) values (?,?)
Hibernate: insert into member_member_role_list (member_email,member_role_list) values (?,?)
Hibernate: insert into member_member_role_list (member_email,member_role_list) values (?,?)
Hibernate: insert into member_member_role_list (member_email,member_role_list) values (?,?)
Hibernate: insert into member_member_role_list (member_email,member_role_list) values (?,?)
Hibernate: insert into member_member_role_list (member_email,member_role_list) values (?,?)
Hibernate: insert into member_member_role_list (member_email,member_role_list) values (?,?)
Hibernate: insert into member_member_role_list (member_email,member_role_list) values (?,?)
Hibernate: insert into member_member_role_list (member_email,member_role_list) values (?,?)
Hibernate: insert into member_member_role_list (member_email,member_role_list) values (?,?)
Hibernate: insert into member_member_role_list (member_email,member_role_list) values (?,?)
Hibernate: insert into member_member_role_list (member_email,member_role_list) values (?,?)
Hibernate: insert into member_member_role_list (member_email,member_role_list) values (?,?)
Hibernate: insert into member_member_role_list (member_email,member_role_list) values (?,?)
]]></system-out>
  <system-err><![CDATA[]]></system-err>
</testsuite>
